<?xml version="1.0" encoding="UTF-8"?>
<testsuite name="test.pivotal.pal.trackerapi.WelcomeApiTest" tests="1" skipped="0" failures="0" errors="0" timestamp="2019-08-07T18:26:31" hostname="magazine" time="0.021">
  <properties/>
  <testcase name="exampleTest" classname="test.pivotal.pal.trackerapi.WelcomeApiTest" time="0.021"/>
  <system-out><![CDATA[2019-08-07 12:26:31.390  INFO 7358 --- [    Test worker] .b.t.c.SpringBootTestContextBootstrapper : Neither @ContextConfiguration nor @ContextHierarchy found for test class [test.pivotal.pal.trackerapi.WelcomeApiTest], using SpringBootContextLoader
2019-08-07 12:26:31.391  INFO 7358 --- [    Test worker] o.s.t.c.support.AbstractContextLoader    : Could not detect default resource locations for test class [test.pivotal.pal.trackerapi.WelcomeApiTest]: no resource found for suffixes {-context.xml, Context.groovy}.
2019-08-07 12:26:31.394  INFO 7358 --- [    Test worker] .b.t.c.SpringBootTestContextBootstrapper : Loaded default TestExecutionListener class names from location [META-INF/spring.factories]: [org.springframework.boot.test.autoconfigure.restdocs.RestDocsTestExecutionListener, org.springframework.boot.test.autoconfigure.web.client.MockRestServiceServerResetTestExecutionListener, org.springframework.boot.test.autoconfigure.web.servlet.MockMvcPrintOnlyOnFailureTestExecutionListener, org.springframework.boot.test.autoconfigure.web.servlet.WebDriverTestExecutionListener, org.springframework.boot.test.mock.mockito.MockitoTestExecutionListener, org.springframework.boot.test.mock.mockito.ResetMocksTestExecutionListener, org.springframework.test.context.web.ServletTestExecutionListener, org.springframework.test.context.support.DirtiesContextBeforeModesTestExecutionListener, org.springframework.test.context.support.DependencyInjectionTestExecutionListener, org.springframework.test.context.support.DirtiesContextTestExecutionListener, org.springframework.test.context.transaction.TransactionalTestExecutionListener, org.springframework.test.context.jdbc.SqlScriptsTestExecutionListener]
2019-08-07 12:26:31.394  INFO 7358 --- [    Test worker] .b.t.c.SpringBootTestContextBootstrapper : Using TestExecutionListeners: [org.springframework.test.context.web.ServletTestExecutionListener@3a197d15, org.springframework.test.context.support.DirtiesContextBeforeModesTestExecutionListener@44d62a35, org.springframework.boot.test.mock.mockito.MockitoTestExecutionListener@6ac49b28, org.springframework.boot.test.autoconfigure.SpringBootDependencyInjectionTestExecutionListener@4701b68b, org.springframework.test.context.support.DirtiesContextTestExecutionListener@36818aab, org.springframework.test.context.transaction.TransactionalTestExecutionListener@43f399cc, org.springframework.test.context.jdbc.SqlScriptsTestExecutionListener@da05741, org.springframework.boot.test.autoconfigure.restdocs.RestDocsTestExecutionListener@47df0d90, org.springframework.boot.test.autoconfigure.web.client.MockRestServiceServerResetTestExecutionListener@7db11312, org.springframework.boot.test.autoconfigure.web.servlet.MockMvcPrintOnlyOnFailureTestExecutionListener@2253d891, org.springframework.boot.test.autoconfigure.web.servlet.WebDriverTestExecutionListener@2d4689c5, org.springframework.boot.test.mock.mockito.ResetMocksTestExecutionListener@12caa270]
]]></system-out>
  <system-err><![CDATA[]]></system-err>
</testsuite>
