<?xml version="1.0" encoding="UTF-8"?>
<testsuite name="test.pivotal.pal.trackerapi.TimeEntryApiTest" tests="5" skipped="0" failures="0" errors="0" timestamp="2019-08-07T18:26:31" hostname="magazine" time="0.262">
  <properties/>
  <testcase name="testList" classname="test.pivotal.pal.trackerapi.TimeEntryApiTest" time="0.085"/>
  <testcase name="testRead" classname="test.pivotal.pal.trackerapi.TimeEntryApiTest" time="0.045"/>
  <testcase name="testCreate" classname="test.pivotal.pal.trackerapi.TimeEntryApiTest" time="0.027"/>
  <testcase name="testDelete" classname="test.pivotal.pal.trackerapi.TimeEntryApiTest" time="0.047"/>
  <testcase name="testUpdate" classname="test.pivotal.pal.trackerapi.TimeEntryApiTest" time="0.054"/>
  <system-out><![CDATA[2019-08-07 12:26:31.420  INFO 7358 --- [    Test worker] .b.t.c.SpringBootTestContextBootstrapper : Neither @ContextConfiguration nor @ContextHierarchy found for test class [test.pivotal.pal.trackerapi.TimeEntryApiTest], using SpringBootContextLoader
2019-08-07 12:26:31.421  INFO 7358 --- [    Test worker] o.s.t.c.support.AbstractContextLoader    : Could not detect default resource locations for test class [test.pivotal.pal.trackerapi.TimeEntryApiTest]: no resource found for suffixes {-context.xml, Context.groovy}.
2019-08-07 12:26:31.423  INFO 7358 --- [    Test worker] .b.t.c.SpringBootTestContextBootstrapper : Loaded default TestExecutionListener class names from location [META-INF/spring.factories]: [org.springframework.boot.test.autoconfigure.restdocs.RestDocsTestExecutionListener, org.springframework.boot.test.autoconfigure.web.client.MockRestServiceServerResetTestExecutionListener, org.springframework.boot.test.autoconfigure.web.servlet.MockMvcPrintOnlyOnFailureTestExecutionListener, org.springframework.boot.test.autoconfigure.web.servlet.WebDriverTestExecutionListener, org.springframework.boot.test.mock.mockito.MockitoTestExecutionListener, org.springframework.boot.test.mock.mockito.ResetMocksTestExecutionListener, org.springframework.test.context.web.ServletTestExecutionListener, org.springframework.test.context.support.DirtiesContextBeforeModesTestExecutionListener, org.springframework.test.context.support.DependencyInjectionTestExecutionListener, org.springframework.test.context.support.DirtiesContextTestExecutionListener, org.springframework.test.context.transaction.TransactionalTestExecutionListener, org.springframework.test.context.jdbc.SqlScriptsTestExecutionListener]
2019-08-07 12:26:31.423  INFO 7358 --- [    Test worker] .b.t.c.SpringBootTestContextBootstrapper : Using TestExecutionListeners: [org.springframework.test.context.web.ServletTestExecutionListener@21d60e68, org.springframework.test.context.support.DirtiesContextBeforeModesTestExecutionListener@14a3671f, org.springframework.boot.test.mock.mockito.MockitoTestExecutionListener@6b59637b, org.springframework.boot.test.autoconfigure.SpringBootDependencyInjectionTestExecutionListener@69392d91, org.springframework.test.context.support.DirtiesContextTestExecutionListener@780ddb90, org.springframework.test.context.transaction.TransactionalTestExecutionListener@7799d011, org.springframework.test.context.jdbc.SqlScriptsTestExecutionListener@57fb2722, org.springframework.boot.test.autoconfigure.restdocs.RestDocsTestExecutionListener@778edde9, org.springframework.boot.test.autoconfigure.web.client.MockRestServiceServerResetTestExecutionListener@614959d3, org.springframework.boot.test.autoconfigure.web.servlet.MockMvcPrintOnlyOnFailureTestExecutionListener@58e914b3, org.springframework.boot.test.autoconfigure.web.servlet.WebDriverTestExecutionListener@56a5fabb, org.springframework.boot.test.mock.mockito.ResetMocksTestExecutionListener@57c50413]
timeEntryId: 1, TimeEntry: TimeEntry{id=0, projectId=2, userId=3, date=2017-01-09, hours=9}
]]></system-out>
  <system-err><![CDATA[]]></system-err>
</testsuite>
